# JRE version: OpenJDK Runtime Environment (8.0_202-b03) (build 1.8.0_202-release-1483-b03)
# Java VM: OpenJDK 64-Bit Server VM (25.202-b03 mixed mode windows-amd64 compressed oops)
Heap:
 PSYoungGen      total 270336K, used 63434K [0x00000000e0000000, 0x00000000f4b00000, 0x0000000100000000)
  eden space 213504K, 19% used [0x00000000e0000000,0x00000000e298a280,0x00000000ed080000)
  from space 56832K, 36% used [0x00000000f0700000,0x00000000f1b686c8,0x00000000f3e80000)
  to   space 55808K, 0% used [0x00000000ed080000,0x00000000ed080000,0x00000000f0700000)
 ParOldGen       total 281088K, used 47950K [0x00000000a0000000, 0x00000000b1280000, 0x00000000e0000000)
  object space 281088K, 17% used [0x00000000a0000000,0x00000000a2ed3b10,0x00000000b1280000)
 Metaspace       used 86608K, capacity 89832K, committed 90456K, reserved 1128448K
  class space    used 11387K, capacity 12023K, committed 12160K, reserved 1048576K
GC Heap History (10 events):
Event: 1128.856 GC heap before
{Heap before GC invocations=18 (full 3):
 PSYoungGen      total 209408K, used 209405K [0x00000000e0000000, 0x00000000f4480000, 0x0000000100000000)
  eden space 166912K, 100% used [0x00000000e0000000,0x00000000ea300000,0x00000000ea300000)
  from space 42496K, 99% used [0x00000000ee500000,0x00000000f0e7f678,0x00000000f0e80000)
  to   space 67584K, 0% used [0x00000000ea300000,0x00000000ea300000,0x00000000ee500000)
 ParOldGen       total 281088K, used 124362K [0x00000000a0000000, 0x00000000b1280000, 0x00000000e0000000)
  object space 281088K, 44% used [0x00000000a0000000,0x00000000a79728f8,0x00000000b1280000)
 Metaspace       used 82280K, capacity 85726K, committed 86104K, reserved 1124352K
  class space    used 11118K, capacity 11792K, committed 11904K, reserved 1048576K
Event: 1129.038 GC heap after
Heap after GC invocations=18 (full 3):
 PSYoungGen      total 234496K, used 27685K [0x00000000e0000000, 0x00000000f4580000, 0x0000000100000000)
  eden space 166912K, 0% used [0x00000000e0000000,0x00000000e0000000,0x00000000ea300000)
  from space 67584K, 40% used [0x00000000ea300000,0x00000000ebe09720,0x00000000ee500000)
  to   space 64000K, 0% used [0x00000000f0700000,0x00000000f0700000,0x00000000f4580000)
 ParOldGen       total 281088K, used 139705K [0x00000000a0000000, 0x00000000b1280000, 0x00000000e0000000)
  object space 281088K, 49% used [0x00000000a0000000,0x00000000a886e5a0,0x00000000b1280000)
 Metaspace       used 82280K, capacity 85726K, committed 86104K, reserved 1124352K
  class space    used 11118K, capacity 11792K, committed 11904K, reserved 1048576K
}
Event: 3614.867 GC heap before
{Heap before GC invocations=19 (full 3):
 PSYoungGen      total 234496K, used 52312K [0x00000000e0000000, 0x00000000f4580000, 0x0000000100000000)
  eden space 166912K, 14% used [0x00000000e0000000,0x00000000e180c8e0,0x00000000ea300000)
  from space 67584K, 40% used [0x00000000ea300000,0x00000000ebe09720,0x00000000ee500000)
  to   space 64000K, 0% used [0x00000000f0700000,0x00000000f0700000,0x00000000f4580000)
 ParOldGen       total 281088K, used 139705K [0x00000000a0000000, 0x00000000b1280000, 0x00000000e0000000)
  object space 281088K, 49% used [0x00000000a0000000,0x00000000a886e5a0,0x00000000b1280000)
 Metaspace       used 82371K, capacity 85790K, committed 86104K, reserved 1124352K
  class space    used 11118K, capacity 11792K, committed 11904K, reserved 1048576K
Event: 3615.024 GC heap after
Heap after GC invocations=19 (full 3):
 PSYoungGen      total 262144K, used 23648K [0x00000000e0000000, 0x00000000f3e80000, 0x0000000100000000)
  eden space 205312K, 0% used [0x00000000e0000000,0x00000000e0000000,0x00000000ec880000)
  from space 56832K, 41% used [0x00000000f0700000,0x00000000f1e18140,0x00000000f3e80000)
  to   space 60416K, 0% used [0x00000000ec880000,0x00000000ec880000,0x00000000f0380000)
 ParOldGen       total 281088K, used 139713K [0x00000000a0000000, 0x00000000b1280000, 0x00000000e0000000)
  object space 281088K, 49% used [0x00000000a0000000,0x00000000a88705a0,0x00000000b1280000)
 Metaspace       used 82371K, capacity 85790K, committed 86104K, reserved 1124352K
  class space    used 11118K, capacity 11792K, committed 11904K, reserved 1048576K
}
Event: 3615.024 GC heap before
{Heap before GC invocations=20 (full 4):
 PSYoungGen      total 262144K, used 23648K [0x00000000e0000000, 0x00000000f3e80000, 0x0000000100000000)
  eden space 205312K, 0% used [0x00000000e0000000,0x00000000e0000000,0x00000000ec880000)
  from space 56832K, 41% used [0x00000000f0700000,0x00000000f1e18140,0x00000000f3e80000)
  to   space 60416K, 0% used [0x00000000ec880000,0x00000000ec880000,0x00000000f0380000)
 ParOldGen       total 281088K, used 139713K [0x00000000a0000000, 0x00000000b1280000, 0x00000000e0000000)
  object space 281088K, 49% used [0x00000000a0000000,0x00000000a88705a0,0x00000000b1280000)
 Metaspace       used 82371K, capacity 85790K, committed 86104K, reserved 1124352K
  class space    used 11118K, capacity 11792K, committed 11904K, reserved 1048576K
Event: 3615.492 GC heap after
Heap after GC invocations=20 (full 4):
 PSYoungGen      total 262144K, used 0K [0x00000000e0000000, 0x00000000f3e80000, 0x0000000100000000)
  eden space 205312K, 0% used [0x00000000e0000000,0x00000000e0000000,0x00000000ec880000)
  from space 56832K, 0% used [0x00000000f0700000,0x00000000f0700000,0x00000000f3e80000)
  to   space 60416K, 0% used [0x00000000ec880000,0x00000000ec880000,0x00000000f0380000)
 ParOldGen       total 281088K, used 47934K [0x00000000a0000000, 0x00000000b1280000, 0x00000000e0000000)
  object space 281088K, 17% used [0x00000000a0000000,0x00000000a2ecfb10,0x00000000b1280000)
 Metaspace       used 81008K, capacity 83664K, committed 86104K, reserved 1124352K
  class space    used 10865K, capacity 11399K, committed 11904K, reserved 1048576K
}
Event: 4561.491 GC heap before
{Heap before GC invocations=21 (full 4):
 PSYoungGen      total 262144K, used 205312K [0x00000000e0000000, 0x00000000f3e80000, 0x0000000100000000)
  eden space 205312K, 100% used [0x00000000e0000000,0x00000000ec880000,0x00000000ec880000)
  from space 56832K, 0% used [0x00000000f0700000,0x00000000f0700000,0x00000000f3e80000)
  to   space 60416K, 0% used [0x00000000ec880000,0x00000000ec880000,0x00000000f0380000)
 ParOldGen       total 281088K, used 47934K [0x00000000a0000000, 0x00000000b1280000, 0x00000000e0000000)
  object space 281088K, 17% used [0x00000000a0000000,0x00000000a2ecfb10,0x00000000b1280000)
 Metaspace       used 83022K, capacity 86018K, committed 87384K, reserved 1124352K
  class space    used 11054K, capacity 11672K, committed 11904K, reserved 1048576K
Event: 4561.528 GC heap after
Heap after GC invocations=21 (full 4):
 PSYoungGen      total 265728K, used 19581K [0x00000000e0000000, 0x00000000f3e80000, 0x0000000100000000)
  eden space 205312K, 0% used [0x00000000e0000000,0x00000000e0000000,0x00000000ec880000)
  from space 60416K, 32% used [0x00000000ec880000,0x00000000edb9f400,0x00000000f0380000)
  to   space 56832K, 0% used [0x00000000f0700000,0x00000000f0700000,0x00000000f3e80000)
 ParOldGen       total 281088K, used 47942K [0x00000000a0000000, 0x00000000b1280000, 0x00000000e0000000)
  object space 281088K, 17% used [0x00000000a0000000,0x00000000a2ed1b10,0x00000000b1280000)
 Metaspace       used 83022K, capacity 86018K, committed 87384K, reserved 1124352K
  class space    used 11054K, capacity 11672K, committed 11904K, reserved 1048576K
}
Event: 4583.288 GC heap before
{Heap before GC invocations=22 (full 4):
 PSYoungGen      total 265728K, used 224893K [0x00000000e0000000, 0x00000000f3e80000, 0x0000000100000000)
  eden space 205312K, 100% used [0x00000000e0000000,0x00000000ec880000,0x00000000ec880000)
  from space 60416K, 32% used [0x00000000ec880000,0x00000000edb9f400,0x00000000f0380000)
  to   space 56832K, 0% used [0x00000000f0700000,0x00000000f0700000,0x00000000f3e80000)
 ParOldGen       total 281088K, used 47942K [0x00000000a0000000, 0x00000000b1280000, 0x00000000e0000000)
  object space 281088K, 17% used [0x00000000a0000000,0x00000000a2ed1b10,0x00000000b1280000)
 Metaspace       used 84079K, capacity 87230K, committed 88152K, reserved 1126400K
  class space    used 11133K, capacity 11774K, committed 11904K, reserved 1048576K
Event: 4583.325 GC heap after
Heap after GC invocations=22 (full 4):
 PSYoungGen      total 270336K, used 20897K [0x00000000e0000000, 0x00000000f4b00000, 0x0000000100000000)
  eden space 213504K, 0% used [0x00000000e0000000,0x00000000e0000000,0x00000000ed080000)
  from space 56832K, 36% used [0x00000000f0700000,0x00000000f1b686c8,0x00000000f3e80000)
  to   space 55808K, 0% used [0x00000000ed080000,0x00000000ed080000,0x00000000f0700000)
 ParOldGen       total 281088K, used 47950K [0x00000000a0000000, 0x00000000b1280000, 0x00000000e0000000)
  object space 281088K, 17% used [0x00000000a0000000,0x00000000a2ed3b10,0x00000000b1280000)
 Metaspace       used 84079K, capacity 87230K, committed 88152K, reserved 1126400K
  class space    used 11133K, capacity 11774K, committed 11904K, reserved 1048576K
}

